<?xml version="1.0" encoding="UTF-8"?>
<testsuite name="SUthread.MonitorTest" tests="5" skipped="0" failures="0" errors="0" timestamp="2016-12-16T18:37:46" hostname="Raxis-pc" time="0.051">
  <properties/>
  <testcase name="start" classname="SUthread.MonitorTest" time="0.029"/>
  <testcase name="isAleveThreads_with_no_alive_threads" classname="SUthread.MonitorTest" time="0.001"/>
  <testcase name="isAliveThreads" classname="SUthread.MonitorTest" time="0.002"/>
  <testcase name="process_and_getMessages" classname="SUthread.MonitorTest" time="0.001"/>
  <testcase name="alarm_and_getAlarmMessages" classname="SUthread.MonitorTest" time="0.002"/>
  <system-out><![CDATA[]]></system-out>
  <system-err><![CDATA[]]></system-err>
</testsuite>
