<?xml version="1.0" encoding="UTF-8"?>
<testsuite name="SUthread.UniqueCheckTest" tests="1" skipped="0" failures="0" errors="0" timestamp="2016-12-15T07:56:16" hostname="Raxis-pc" time="0.006">
  <properties/>
  <testcase name="checkOnUnq" classname="SUthread.UniqueCheckTest" time="0.006"/>
  <system-out><![CDATA[]]></system-out>
  <system-err><![CDATA[]]></system-err>
</testsuite>
