<?xml version="1.0" encoding="UTF-8"?>
<testsuite name="SUthread.UrlForCheckTest" tests="2" skipped="0" failures="0" errors="0" timestamp="2016-12-16T18:37:46" hostname="Raxis-pc" time="0.023">
  <properties/>
  <testcase name="open" classname="SUthread.UrlForCheckTest" time="0.011"/>
  <testcase name="close" classname="SUthread.UrlForCheckTest" time="0.011"/>
  <system-out><![CDATA[
]]></system-out>
  <system-err><![CDATA[]]></system-err>
</testsuite>
